0 info it worked if it ends with ok
1 verbose cli [ '/usr/bin/nodejs', '/usr/bin/npm', 'publish' ]
2 info using npm@3.10.9
3 info using node@v5.12.0
4 verbose publish [ '.' ]
5 silly cache add args [ '.', null ]
6 verbose cache add spec .
7 silly cache add parsed spec Result {
7 silly cache add   raw: '.',
7 silly cache add   scope: null,
7 silly cache add   escapedName: null,
7 silly cache add   name: null,
7 silly cache add   rawSpec: '.',
7 silly cache add   spec: '/home/vagrant/Laravel/vue-qrcode',
7 silly cache add   type: 'directory' }
8 verbose addLocalDirectory /home/vagrant/.npm/vue-qrcode-component/1.1.1/package.tgz not in flight; packing
9 verbose correctMkdir /home/vagrant/.npm correctMkdir not in flight; initializing
10 info lifecycle vue-qrcode-component@1.1.1~prepublish: vue-qrcode-component@1.1.1
11 silly lifecycle vue-qrcode-component@1.1.1~prepublish: no script for prepublish, continuing
12 verbose tar pack [ '/home/vagrant/.npm/vue-qrcode-component/1.1.1/package.tgz',
12 verbose tar pack   '/home/vagrant/Laravel/vue-qrcode' ]
13 verbose tarball /home/vagrant/.npm/vue-qrcode-component/1.1.1/package.tgz
14 verbose folder /home/vagrant/Laravel/vue-qrcode
15 verbose addLocalTarball adding from inside cache /home/vagrant/.npm/vue-qrcode-component/1.1.1/package.tgz
16 verbose correctMkdir /home/vagrant/.npm correctMkdir not in flight; initializing
17 silly cache afterAdd vue-qrcode-component@1.1.1
18 verbose afterAdd /home/vagrant/.npm/vue-qrcode-component/1.1.1/package/package.json not in flight; writing
19 verbose correctMkdir /home/vagrant/.npm correctMkdir not in flight; initializing
20 verbose afterAdd /home/vagrant/.npm/vue-qrcode-component/1.1.1/package/package.json written
21 silly publish { name: 'vue-qrcode-component',
21 silly publish   version: '1.1.1',
21 silly publish   description: 'Vue component to create a QR code.',
21 silly publish   main: 'index.js',
21 silly publish   keywords: [ 'qr', 'code', 'vue', 'component' ],
21 silly publish   author:
21 silly publish    { name: 'Gerard Reches',
21 silly publish      email: 'gerardreches@gmail.com',
21 silly publish      url: 'http://gerardreches.com' },
21 silly publish   url: 'https://github.com/gerardreches/vue-qrcode-component/issues',
21 silly publish   email: 'grmultimedia@gerardreches.com',
21 silly publish   repository:
21 silly publish    { type: 'git',
21 silly publish      url: 'git+https://github.com/gerardreches/vue-qrcode-component.git' },
21 silly publish   license: 'MIT',
21 silly publish   dependencies: { vue: '^2.0.1', 'qrcode-js-package': '^1.0.4' },
21 silly publish   browserify: { transform: [ [Object], [Object] ] },
21 silly publish   gitHead: 'e335623c8bd09d7d3c483d715296b1ff53a9bc9a',
21 silly publish   bugs: { url: 'https://github.com/gerardreches/vue-qrcode-component/issues' },
21 silly publish   readme: 'ERROR: No README data found!',
21 silly publish   homepage: 'https://github.com/gerardreches/vue-qrcode-component#readme',
21 silly publish   _id: 'vue-qrcode-component@1.1.1',
21 silly publish   scripts: {},
21 silly publish   _shasum: '1983d3cfa4306fbee74d782f9e25514525220102',
21 silly publish   _from: '.' }
22 verbose getPublishConfig undefined
23 silly mapToRegistry name vue-qrcode-component
24 silly mapToRegistry using default registry
25 silly mapToRegistry registry https://registry.npmjs.org/
26 silly mapToRegistry data Result {
26 silly mapToRegistry   raw: 'vue-qrcode-component',
26 silly mapToRegistry   scope: null,
26 silly mapToRegistry   escapedName: 'vue-qrcode-component',
26 silly mapToRegistry   name: 'vue-qrcode-component',
26 silly mapToRegistry   rawSpec: '',
26 silly mapToRegistry   spec: 'latest',
26 silly mapToRegistry   type: 'tag' }
27 silly mapToRegistry uri https://registry.npmjs.org/vue-qrcode-component
28 verbose publish registryBase https://registry.npmjs.org/
29 silly publish uploading /home/vagrant/.npm/vue-qrcode-component/1.1.1/package.tgz
30 verbose request uri https://registry.npmjs.org/vue-qrcode-component
31 verbose request sending authorization for write operation
32 info attempt registry request try #1 at 5:00:38 PM
33 verbose request using bearer token for auth
34 verbose request id 93b666fd031c1e5f
35 http request PUT https://registry.npmjs.org/vue-qrcode-component
36 http 403 https://registry.npmjs.org/vue-qrcode-component
37 verbose headers { 'content-type': 'application/json',
37 verbose headers   'cache-control': 'max-age=300',
37 verbose headers   'content-length': '95',
37 verbose headers   'accept-ranges': 'bytes',
37 verbose headers   date: 'Mon, 20 Feb 2017 17:06:55 GMT',
37 verbose headers   via: '1.1 varnish',
37 verbose headers   connection: 'keep-alive',
37 verbose headers   'x-served-by': 'cache-lcy1136-LCY',
37 verbose headers   'x-cache': 'MISS',
37 verbose headers   'x-cache-hits': '0',
37 verbose headers   'x-timer': 'S1487610414.656206,VS0,VE1099',
37 verbose headers   vary: 'Accept-Encoding' }
38 verbose request invalidating /home/vagrant/.npm/registry.npmjs.org/vue-qrcode-component on PUT
39 error publish Failed PUT 403
40 verbose stack Error: "You cannot publish over the previously published version 1.1.1." : vue-qrcode-component
40 verbose stack     at makeError (/usr/lib/node_modules/npm/node_modules/npm-registry-client/lib/request.js:302:12)
40 verbose stack     at CachingRegistryClient.<anonymous> (/usr/lib/node_modules/npm/node_modules/npm-registry-client/lib/request.js:290:14)
40 verbose stack     at Request._callback (/usr/lib/node_modules/npm/node_modules/npm-registry-client/lib/request.js:210:14)
40 verbose stack     at Request.self.callback (/usr/lib/node_modules/npm/node_modules/request/request.js:187:22)
40 verbose stack     at emitTwo (events.js:100:13)
40 verbose stack     at Request.emit (events.js:185:7)
40 verbose stack     at Request.<anonymous> (/usr/lib/node_modules/npm/node_modules/request/request.js:1048:10)
40 verbose stack     at emitOne (events.js:90:13)
40 verbose stack     at Request.emit (events.js:182:7)
40 verbose stack     at IncomingMessage.<anonymous> (/usr/lib/node_modules/npm/node_modules/request/request.js:969:12)
41 verbose statusCode 403
42 verbose pkgid vue-qrcode-component
43 verbose cwd /home/vagrant/Laravel/vue-qrcode
44 error Linux 4.4.0-22-generic
45 error argv "/usr/bin/nodejs" "/usr/bin/npm" "publish"
46 error node v5.12.0
47 error npm  v3.10.9
48 error code E403
49 error "You cannot publish over the previously published version 1.1.1." : vue-qrcode-component
50 error If you need help, you may report this error at:
50 error     <https://github.com/npm/npm/issues>
51 verbose exit [ 1, true ]
